<?xml version="1.0" encoding="UTF-8"?>
<testsuite xmlns:xsi="http://www.w3.org/2001/XMLSchema-instance" xsi:noNamespaceSchemaLocation="https://maven.apache.org/surefire/maven-surefire-plugin/xsd/surefire-test-report-3.0.xsd" version="3.0" name="com.yl.videoplatformbackend.VideoPlatformBackendApplicationTests" time="5.145" tests="1" errors="0" skipped="0" failures="0">
  <properties>
[...]
</properties>
  <testcase name="contextLoads" classname="com.yl.videoplatformbackend.VideoPlatformBackendApplicationTests" time="0.337">
    <system-out><![CDATA[01:26:45.762 [main] INFO org.springframework.test.context.support.AnnotationConfigContextLoaderUtils -- Could not detect default configuration classes for test class [com.yl.videoplatformbackend.VideoPlatformBackendApplicationTests]: VideoPlatformBackendApplicationTests does not declare any static, non-private, non-final, nested classes annotated with @Configuration.
01:26:45.835 [main] INFO org.springframework.boot.test.context.SpringBootTestContextBootstrapper -- Found @SpringBootConfiguration com.yl.videoplatformbackend.VideoPlatformBackendApplication for test class com.yl.videoplatformbackend.VideoPlatformBackendApplicationTests
01:26:45.937 [main] INFO org.springframework.boot.devtools.restart.RestartApplicationListener -- Restart disabled due to context in which it is running

  .   ____          _            __ _ _
 /\\ / ___'_ __ _ _(_)_ __  __ _ \ \ \ \
( ( )\___ | '_ | '_| | '_ \/ _` | \ \ \ \
 \\/  ___)| |_)| | | | | || (_| |  ) ) ) )
  '  |____| .__|_| |_|_| |_\__, | / / / /
 =========|_|==============|___/=/_/_/_/

 :: Spring Boot ::                (v3.4.0)

2025-03-12T01:26:46.138+08:00  INFO 18540 --- [video-platform-backend] [           main] y.v.VideoPlatformBackendApplicationTests : Starting VideoPlatformBackendApplicationTests using Java 21.0.6 with PID 18540 (started by Leon in K:\codes\video-platform-backend)
2025-03-12T01:26:46.139+08:00  INFO 18540 --- [video-platform-backend] [           main] y.v.VideoPlatformBackendApplicationTests : No active profile set, falling back to 1 default profile: "default"
2025-03-12T01:26:46.713+08:00  INFO 18540 --- [video-platform-backend] [           main] .s.d.r.c.RepositoryConfigurationDelegate : Multiple Spring Data modules found, entering strict repository configuration mode
2025-03-12T01:26:46.715+08:00  INFO 18540 --- [video-platform-backend] [           main] .s.d.r.c.RepositoryConfigurationDelegate : Bootstrapping Spring Data Redis repositories in DEFAULT mode.
2025-03-12T01:26:46.734+08:00  INFO 18540 --- [video-platform-backend] [           main] .s.d.r.c.RepositoryConfigurationDelegate : Finished Spring Data repository scanning in 11 ms. Found 0 Redis repository interfaces.
2025-03-12T01:26:46.787+08:00  INFO 18540 --- [video-platform-backend] [           main] .i.s.PathMatchingResourcePatternResolver : Skipping search for files matching pattern [**/*.class]: directory [K:\codes\video-platform-backend\target\test-classes\com\yl\videoplatformbackend\mapper] does not exist
 _ _   |_  _ _|_. ___ _ |    _ 
| | |\/|_)(_| | |_\  |_)||_|_\ 
     /               |         
                        3.5.9 
2025-03-12T01:26:47.481+08:00  INFO 18540 --- [video-platform-backend] [           main] org.redisson.Version                     : Redisson 3.40.0
2025-03-12T01:26:47.805+08:00  INFO 18540 --- [video-platform-backend] [isson-netty-1-6] o.redisson.connection.ConnectionsHolder  : 1 connections initialized for 117.72.70.116/117.72.70.116:6379
2025-03-12T01:26:49.670+08:00  INFO 18540 --- [video-platform-backend] [sson-netty-1-19] o.redisson.connection.ConnectionsHolder  : 24 connections initialized for 117.72.70.116/117.72.70.116:6379
2025-03-12T01:26:50.346+08:00  INFO 18540 --- [video-platform-backend] [           main] o.s.b.a.e.web.EndpointLinksResolver      : Exposing 1 endpoint beneath base path '/actuator'
2025-03-12T01:26:50.395+08:00  INFO 18540 --- [video-platform-backend] [           main] y.v.VideoPlatformBackendApplicationTests : Started VideoPlatformBackendApplicationTests in 4.466 seconds (process running for 5.22)
]]></system-out>
  </testcase>
</testsuite>